# Logfile created on 2024-04-17 12:56:39 +0000 by logger.rb/v1.5.3
I, [2024-04-17T12:56:39.200558 #1]  INFO -- : Using GitHub Features: Defaults
I, [2024-04-17T12:56:39.200632 #1]  INFO -- : Auditing 'REDACTED'
I, [2024-04-17T12:56:39.218009 #1]  INFO -- request: GET REDACTED4/groups/gearoid.eu/projects
I, [2024-04-17T12:56:39.644788 #1]  INFO -- response: Status 200
I, [2024-04-17T12:56:39.650614 #1]  INFO -- request: GET REDACTED4/projects/gearoid.eu%2Fportfolio-site/pipelines?per_page=1
I, [2024-04-17T12:56:39.910438 #1]  INFO -- response: Status 200
I, [2024-04-17T12:56:39.912634 #1]  INFO -- : Thread collection size: 12
I, [2024-04-17T12:56:39.915435 #1]  INFO -- request: GET REDACTED4/projects/gearoid.eu%2Fportfolio-site
I, [2024-04-17T12:56:40.260029 #1]  INFO -- response: Status 200
I, [2024-04-17T12:56:40.264272 #1]  INFO -- request: GET REDACTED4/projects/gearoid.eu%2Fportfolio-site
I, [2024-04-17T12:56:40.756969 #1]  INFO -- response: Status 200
I, [2024-04-17T12:56:40.759068 #1]  INFO -- request: GET REDACTED4/projects/gearoid.eu%2Fportfolio-site/repository/files/.gitlab-ci.yml?ref=main
I, [2024-04-17T12:56:41.107859 #1]  INFO -- response: Status 200
I, [2024-04-17T12:56:41.110406 #1]  INFO -- request: GET REDACTED4/projects/gearoid.eu%2Fportfolio-site/variables
I, [2024-04-17T12:56:41.547772 #1]  INFO -- response: Status 200
I, [2024-04-17T12:56:41.550939 #1]  INFO -- request: GET REDACTED4/groups/gearoid.eu/variables
I, [2024-04-17T12:56:41.806670 #1]  INFO -- response: Status 200
I, [2024-04-17T12:56:41.808970 #1]  INFO -- request: GET REDACTED4/projects/gearoid.eu%2Fportfolio-site/pipeline_schedules
I, [2024-04-17T12:56:42.070991 #1]  INFO -- response: Status 200
I, [2024-04-17T12:56:42.094373 #1]  INFO -- request: GET REDACTED4/templates/gitlab_ci_ymls/Security/SAST
I, [2024-04-17T12:56:42.329160 #1]  INFO -- response: Status 404
W, [2024-04-17T12:56:42.331398 #1]  WARN -- : Unable to find template 'Security/SAST'
I, [2024-04-17T12:56:42.333427 #1]  INFO -- request: GET REDACTED4/templates/gitlab_ci_ymls/Secret-Detection
I, [2024-04-17T12:56:42.560845 #1]  INFO -- response: Status 200
I, [2024-04-17T12:56:42.564612 #1]  INFO -- request: GET REDACTED4/templates/gitlab_ci_ymls/Jobs/Secret-Detection
I, [2024-04-17T12:56:42.788324 #1]  INFO -- response: Status 404
W, [2024-04-17T12:56:42.789879 #1]  WARN -- : Unable to find template 'Jobs/Secret-Detection'
D, [2024-04-17T12:56:42.792452 #1] DEBUG -- : [Transformers::GitlabCI::On]: Located transformer for 'push'
D, [2024-04-17T12:56:42.792977 #1] DEBUG -- : [Transformers::GitlabCI::On]: Located transformer for 'merge_request'
D, [2024-04-17T12:56:42.793212 #1] DEBUG -- : [Transformers::GitlabCI::On]: Located transformer for 'manual'
D, [2024-04-17T12:56:42.794405 #1] DEBUG -- : [Transformers::GitlabCI::Steps]: Located transformer for 'checkout'
D, [2024-04-17T12:56:42.796035 #1] DEBUG -- : [Transformers::GitlabCI::Steps]: Located transformer for 'checkout'
D, [2024-04-17T12:56:42.796270 #1] DEBUG -- : [Transformers::GitlabCI::Steps]: Located transformer for 'script'
D, [2024-04-17T12:56:42.796608 #1] DEBUG -- : [Transformers::GitlabCI::Steps]: Located transformer for 'artifacts'
D, [2024-04-17T12:56:42.797219 #1] DEBUG -- : [Transformers::GitlabCI::Steps]: Located transformer for 'checkout'
D, [2024-04-17T12:56:42.797438 #1] DEBUG -- : [Transformers::GitlabCI::Steps]: Located transformer for 'dependencies'
D, [2024-04-17T12:56:42.797816 #1] DEBUG -- : [Transformers::GitlabCI::Steps]: Located transformer for 'script'
D, [2024-04-17T12:56:42.798123 #1] DEBUG -- : [Transformers::GitlabCI::Steps]: Located transformer for 'checkout'
D, [2024-04-17T12:56:42.798521 #1] DEBUG -- : [Transformers::GitlabCI::Steps]: Located transformer for 'dependencies'
D, [2024-04-17T12:56:42.798898 #1] DEBUG -- : [Transformers::GitlabCI::Steps]: Located transformer for 'script'
D, [2024-04-17T12:56:42.801489 #1] DEBUG -- : [Transformers::GitlabCI::Steps]: Located transformer for 'checkout'
D, [2024-04-17T12:56:42.802136 #1] DEBUG -- : [Transformers::GitlabCI::Steps]: Located transformer for 'dependencies'
I, [2024-04-17T12:56:42.850898 #1]  INFO -- : Output file(s):
I, [2024-04-17T12:56:42.857310 #1]  INFO -- :   tmp/audit/gearoid.eu/portfolio-site/.github/workflows/portfolio-site.yml
I, [2024-04-17T12:56:42.858907 #1]  INFO -- :   tmp/audit/gearoid.eu/portfolio-site/config.json
I, [2024-04-17T12:56:42.859605 #1]  INFO -- :   tmp/audit/gearoid.eu/portfolio-site/source.yml
I, [2024-04-17T12:56:42.868406 #1]  INFO -- :   tmp/audit/workflow_usage.csv
I, [2024-04-17T12:56:42.872605 #1]  INFO -- :   tmp/audit/audit_summary.md
W, [2024-04-17T12:56:48.788081 #1]  WARN -- : Secrets redacted in file(s):
W, [2024-04-17T12:56:48.793468 #1]  WARN -- :   tmp/audit/gearoid.eu/portfolio-site/config.json
W, [2024-04-17T12:56:48.796324 #1]  WARN -- :   tmp/audit/gearoid.eu/portfolio-site/source.yml
W, [2024-04-17T12:56:48.797135 #1]  WARN -- :   tmp/audit/log/valet-20240417-124838.log
W, [2024-04-17T12:56:48.797669 #1]  WARN -- :   tmp/audit/log/valet-20240417-125639.log
I, [2024-04-17T12:56:48.827840 #1]  INFO -- request: GET https://api.github.com/user
I, [2024-04-17T12:56:49.110009 #1]  INFO -- response: Status 200
I, [2024-04-17T12:56:49.128555 #1]  INFO -- : Sending telemetry with transaction id '9bf206e6-4093-4f38-8b58-b6a9a4619c56'
